{"C:\\Users\\gdeabreu\\Desktop\\codes\\course-jest\\functions.js": {"path":"C:\\Users\\gdeabreu\\Desktop\\codes\\course-jest\\functions.js","statementMap":{"0":{"start":{"line":1,"column":18},"end":{"line":12,"column":1}},"1":{"start":{"line":3,"column":8},"end":{"line":3,"column":44}},"2":{"start":{"line":6,"column":25},"end":{"line":6,"column":36}},"3":{"start":{"line":7,"column":18},"end":{"line":7,"column":22}},"4":{"start":{"line":8,"column":24},"end":{"line":8,"column":33}},"5":{"start":{"line":10,"column":8},"end":{"line":10,"column":55}},"6":{"start":{"line":14,"column":0},"end":{"line":14,"column":26}}},"fnMap":{"0":{"name":"(anonymous_0)","decl":{"start":{"line":2,"column":12},"end":{"line":2,"column":13}},"loc":{"start":{"line":2,"column":27},"end":{"line":4,"column":5}},"line":2},"1":{"name":"(anonymous_1)","decl":{"start":{"line":6,"column":9},"end":{"line":6,"column":10}},"loc":{"start":{"line":6,"column":25},"end":{"line":6,"column":36}},"line":6},"2":{"name":"(anonymous_2)","decl":{"start":{"line":7,"column":12},"end":{"line":7,"column":13}},"loc":{"start":{"line":7,"column":18},"end":{"line":7,"column":22}},"line":7},"3":{"name":"(anonymous_3)","decl":{"start":{"line":8,"column":18},"end":{"line":8,"column":19}},"loc":{"start":{"line":8,"column":24},"end":{"line":8,"column":33}},"line":8},"4":{"name":"(anonymous_4)","decl":{"start":{"line":9,"column":25},"end":{"line":9,"column":26}},"loc":{"start":{"line":9,"column":31},"end":{"line":11,"column":5}},"line":9}},"branchMap":{},"s":{"0":1,"1":1,"2":1,"3":1,"4":1,"5":2,"6":1},"f":{"0":1,"1":1,"2":1,"3":1,"4":2},"b":{},"_coverageSchema":"1a1c01bbd47fc00a2c39e90264f33305004495a9","hash":"97817428aea1436e50ac014d57c53b09bf16abd8"}
,"C:\\Users\\gdeabreu\\Desktop\\codes\\course-jest\\script.js": {"path":"C:\\Users\\gdeabreu\\Desktop\\codes\\course-jest\\script.js","statementMap":{"0":{"start":{"line":13,"column":15},"end":{"line":15,"column":1}},"1":{"start":{"line":14,"column":4},"end":{"line":14,"column":28}},"2":{"start":{"line":17,"column":0},"end":{"line":20,"column":1}}},"fnMap":{"0":{"name":"(anonymous_0)","decl":{"start":{"line":13,"column":15},"end":{"line":13,"column":16}},"loc":{"start":{"line":13,"column":29},"end":{"line":15,"column":1}},"line":13}},"branchMap":{},"s":{"0":1,"1":1,"2":1},"f":{"0":1},"b":{},"_coverageSchema":"1a1c01bbd47fc00a2c39e90264f33305004495a9","hash":"faf10e5c48e735d5d3522a7fa63d4d02f2268211"}
}
